Running: C:\Xilinx\14.7\ISE_DS\ISE\bin\nt64\unwrapped\fuse.exe -intstyle ise -incremental -o C:/Users/Rian/Downloads/projeto 1 - contador-20240422T204137Z-001/projeto 1 - contador/lab3_contador/lab3_contador/contador_tb_isim_beh.exe -prj C:/Users/Rian/Downloads/projeto 1 - contador-20240422T204137Z-001/projeto 1 - contador/lab3_contador/lab3_contador/contador_tb_beh.prj work.contador_tb 
ISim P.20131013 (signature 0x7708f090)
Number of CPUs detected in this system: 8
Turning on mult-threading, number of parallel sub-compilation jobs: 16 
Determining compilation order of HDL files
Parsing VHDL file "C:/Users/Rian/Downloads/projeto 1 - contador-20240422T204137Z-001/projeto 1 - contador/lab3_contador/lab3_contador/contador_module.vhd" into library work
Parsing VHDL file "C:/Users/Rian/Downloads/projeto 1 - contador-20240422T204137Z-001/projeto 1 - contador/lab3_contador/lab3_contador/contador_tb.vhd" into library work
Starting static elaboration
Completed static elaboration
Compiling package standard
Compiling package std_logic_1164
Compiling package std_logic_arith
Compiling architecture behavioral of entity contador_module [\contador_module(5,1)\]
Compiling architecture behavior of entity contador_tb
Time Resolution for simulation is 1ps.
Waiting for 1 sub-compilation(s) to finish...
Compiled 6 VHDL Units
Built simulation executable C:/Users/Rian/Downloads/projeto 1 - contador-20240422T204137Z-001/projeto 1 - contador/lab3_contador/lab3_contador/contador_tb_isim_beh.exe
Fuse Memory Usage: 33852 KB
Fuse CPU Usage: 389 ms
